  ANDROID_HOME=D:\wyf_root\develop\env\Android\sdk
  ANT_HOME=D:\wyf_root\develop\env\apache-ant-1.10.1
  JAVA_HOME=D:\wyf_root\ProgramFiles\Java\jdk1.8.0_131
  NDK_ROOT=D:\wyf_root\develop\env\android-ndk-r12b
  pch.h
  GlBatch.cpp
  In file included from ..\..\..\Code\OpenGLRenderer\GlBatch.cpp:1:
..\..\..\Code\OpenGLRenderer/GlBatch.h(6,9): warning : unknown pragma ignored [-Wunknown-pragmas]
  #pragma warning(push) 
          ^
..\..\..\Code\OpenGLRenderer/GlBatch.h(7,9): warning : unknown pragma ignored [-Wunknown-pragmas]
  #pragma warning(disable:4251)
          ^
..\..\..\Code\OpenGLRenderer/GlBatch.h(120,9): warning : unknown pragma ignored [-Wunknown-pragmas]
  #pragma warning(pop) 
          ^
  3 warnings generated.
  GlContextBinding.cpp
..\..\..\Code\OpenGLRenderer\GlContextBinding.cpp(103,13): warning : unused function 'engine_draw_frame' [-Wunused-function]
  static void engine_draw_frame(struct engine* engine) {
              ^
  1 warning generated.
  GlMipmap.cpp
  GlPreset.cpp
  In file included from ..\..\..\Code\OpenGLRenderer\GlPreset.cpp:1:
  In file included from ..\..\..\Code\OpenGLRenderer/GlPreset.h:2:
..\..\..\Code\OpenGLRenderer/GlProgram.h(9,9): warning : unknown pragma ignored [-Wunknown-pragmas]
  #pragma warning(push)
          ^
..\..\..\Code\OpenGLRenderer/GlProgram.h(10,9): warning : unknown pragma ignored [-Wunknown-pragmas]
  #pragma warning(disable:4251)
          ^
..\..\..\Code\OpenGLRenderer/GlProgram.h(58,9): warning : unknown pragma ignored [-Wunknown-pragmas]
  #pragma warning(pop)
          ^
  In file included from ..\..\..\Code\OpenGLRenderer\GlPreset.cpp:1:
..\..\..\Code\OpenGLRenderer/GlPreset.h(5,9): warning : unknown pragma ignored [-Wunknown-pragmas]
  #pragma warning(push)
          ^
..\..\..\Code\OpenGLRenderer/GlPreset.h(6,9): warning : unknown pragma ignored [-Wunknown-pragmas]
  #pragma warning(disable:4251)
          ^
..\..\..\Code\OpenGLRenderer/GlPreset.h(46,9): warning : unknown pragma ignored [-Wunknown-pragmas]
  #pragma warning(pop)
          ^
  In file included from ..\..\..\Code\OpenGLRenderer\GlPreset.cpp:1:
  In file included from ..\..\..\Code\OpenGLRenderer/GlPreset.h:2:
  In file included from ..\..\..\Code\OpenGLRenderer/GlProgram.h:3:
../../../Code\Core/MathAndGeometry.h(247,4): warning : suggest braces around initialization of subobject [-Wmissing-braces]
                          m[0][0], m[0][1], m[0][2],
                          ^~~~~~~~~~~~~~~~~~~~~~~~~~
  ..\..\..\Code\OpenGLRenderer\GlPreset.cpp(36,50) :  note: in instantiation of member function 'shakuras::Matrix33<float>::flat' requested here
          setUniformMatrix3fv("mTrsf3", model_trsf.mat3().flat().data());
                                                          ^
  In file included from ..\..\..\Code\OpenGLRenderer\GlPreset.cpp:1:
  In file included from ..\..\..\Code\OpenGLRenderer/GlPreset.h:2:
  In file included from ..\..\..\Code\OpenGLRenderer/GlProgram.h:3:
../../../Code\Core/MathAndGeometry.h(346,4): warning : suggest braces around initialization of subobject [-Wmissing-braces]
                          m[0][0], m[0][1], m[0][2], m[0][3],
                          ^~~~~~~~~~~~~~~~~~~~~~~~~~~~~~~~~~~
  ..\..\..\Code\OpenGLRenderer\GlPreset.cpp(41,42) :  note: in instantiation of member function 'shakuras::Matrix44<float>::flat' requested here
          setUniformMatrix4fv("mvpTrsf", mvp_trsf.flat().data());
                                                  ^
  8 warnings generated.
  GlProgram.cpp
  In file included from ..\..\..\Code\OpenGLRenderer\GlProgram.cpp:1:
..\..\..\Code\OpenGLRenderer/GlProgram.h(9,9): warning : unknown pragma ignored [-Wunknown-pragmas]
  #pragma warning(push)
          ^
..\..\..\Code\OpenGLRenderer/GlProgram.h(10,9): warning : unknown pragma ignored [-Wunknown-pragmas]
  #pragma warning(disable:4251)
          ^
..\..\..\Code\OpenGLRenderer/GlProgram.h(58,9): warning : unknown pragma ignored [-Wunknown-pragmas]
  #pragma warning(pop)
          ^
..\..\..\Code\OpenGLRenderer\GlProgram.cpp(52,10): warning : format string is not a string literal (potentially insecure) [-Wformat-security]
                  printf(sharder_info);
                         ^~~~~~~~~~~~
..\..\..\Code\OpenGLRenderer\GlProgram.cpp(65,10): warning : format string is not a string literal (potentially insecure) [-Wformat-security]
                  printf(sharder_info);
                         ^~~~~~~~~~~~
  5 warnings generated.
  GlRenderStage.cpp
  In file included from ..\..\..\Code\OpenGLRenderer\GlRenderStage.cpp:1:
  In file included from ..\..\..\Code\OpenGLRenderer/GlRenderStage.h:3:
  In file included from ..\..\..\Code\OpenGLRenderer/GlDrawCall.h:3:
..\..\..\Code\OpenGLRenderer/GlBatch.h(6,9): warning : unknown pragma ignored [-Wunknown-pragmas]
  #pragma warning(push) 
          ^
..\..\..\Code\OpenGLRenderer/GlBatch.h(7,9): warning : unknown pragma ignored [-Wunknown-pragmas]
  #pragma warning(disable:4251)
          ^
..\..\..\Code\OpenGLRenderer/GlBatch.h(120,9): warning : unknown pragma ignored [-Wunknown-pragmas]
  #pragma warning(pop) 
          ^
  In file included from ..\..\..\Code\OpenGLRenderer\GlRenderStage.cpp:1:
  In file included from ..\..\..\Code\OpenGLRenderer/GlRenderStage.h:3:
  In file included from ..\..\..\Code\OpenGLRenderer/GlDrawCall.h:4:
..\..\..\Code\OpenGLRenderer/GlProgram.h(9,9): warning : unknown pragma ignored [-Wunknown-pragmas]
  #pragma warning(push)
          ^
..\..\..\Code\OpenGLRenderer/GlProgram.h(10,9): warning : unknown pragma ignored [-Wunknown-pragmas]
  #pragma warning(disable:4251)
          ^
..\..\..\Code\OpenGLRenderer/GlProgram.h(58,9): warning : unknown pragma ignored [-Wunknown-pragmas]
  #pragma warning(pop)
          ^
  In file included from ..\..\..\Code\OpenGLRenderer\GlRenderStage.cpp:1:
  In file included from ..\..\..\Code\OpenGLRenderer/GlRenderStage.h:3:
..\..\..\Code\OpenGLRenderer/GlDrawCall.h(7,9): warning : unknown pragma ignored [-Wunknown-pragmas]
  #pragma warning(push)
          ^
..\..\..\Code\OpenGLRenderer/GlDrawCall.h(8,9): warning : unknown pragma ignored [-Wunknown-pragmas]
  #pragma warning(disable:4251)
          ^
..\..\..\Code\OpenGLRenderer/GlDrawCall.h(21,9): warning : unknown pragma ignored [-Wunknown-pragmas]
  #pragma warning(pop)
          ^
  In file included from ..\..\..\Code\OpenGLRenderer\GlRenderStage.cpp:1:
..\..\..\Code\OpenGLRenderer/GlRenderStage.h(6,9): warning : unknown pragma ignored [-Wunknown-pragmas]
  #pragma warning(push) 
          ^
..\..\..\Code\OpenGLRenderer/GlRenderStage.h(7,9): warning : unknown pragma ignored [-Wunknown-pragmas]
  #pragma warning(disable:4251)
          ^
..\..\..\Code\OpenGLRenderer/GlRenderStage.h(52,9): warning : unknown pragma ignored [-Wunknown-pragmas]
  #pragma warning(pop) 
          ^
  In file included from ..\..\..\Code\OpenGLRenderer\GlRenderStage.cpp:3:
..\..\..\Code\OpenGLRenderer/GlPreset.h(5,9): warning : unknown pragma ignored [-Wunknown-pragmas]
  #pragma warning(push)
          ^
..\..\..\Code\OpenGLRenderer/GlPreset.h(6,9): warning : unknown pragma ignored [-Wunknown-pragmas]
  #pragma warning(disable:4251)
          ^
..\..\..\Code\OpenGLRenderer/GlPreset.h(46,9): warning : unknown pragma ignored [-Wunknown-pragmas]
  #pragma warning(pop)
          ^
  15 warnings generated.
  OpenGLRenderer.vcxproj -> D:\wyf_root\develop\Git\ShakurasRenderer\build\android\ARM\Debug\libOpenGLRenderer.so
