  ANDROID_HOME=D:\wyf_root\develop\env\Android\sdk
  ANT_HOME=D:\wyf_root\develop\env\apache-ant-1.10.1
  JAVA_HOME=D:\wyf_root\ProgramFiles\Java\jdk1.8.0_131
  NDK_ROOT=D:\wyf_root\develop\env\android-ndk-r12b
  pch.h
  ObjParser.cpp
  In file included from ..\..\..\Code\ResourceParser\ObjParser.cpp:1:
..\..\..\Code\ResourceParser/ObjParser.h(10,9): warning : unknown pragma ignored [-Wunknown-pragmas]
  #pragma warning(push) 
          ^
..\..\..\Code\ResourceParser/ObjParser.h(11,9): warning : unknown pragma ignored [-Wunknown-pragmas]
  #pragma warning(disable:4251)
          ^
..\..\..\Code\ResourceParser/ObjParser.h(57,9): warning : unknown pragma ignored [-Wunknown-pragmas]
  #pragma warning(pop)
          ^
..\..\..\Code\ResourceParser\ObjParser.cpp(163,31): warning : suggest braces around initialization of subobject [-Wmissing-braces]
                                  smooth_id_t smooth_id = { pos_index, texcoord_index, normal_index };
                                                            ^~~~~~~~~~~~~~~~~~~~~~~~~~~~~~~~~~~~~~~
                                                            {                                      }
  4 warnings generated.
  ResUtility.cpp
  TextureLoader.cpp
  ResourceParser.vcxproj -> D:\wyf_root\develop\Git\ShakurasRenderer\build\android\ARM\Debug\libResourceParser.so
