  ANDROID_HOME=D:\wyf_root\develop\env\Android\sdk
  ANT_HOME=D:\wyf_root\develop\env\apache-ant-1.10.1
  JAVA_HOME=D:\wyf_root\ProgramFiles\Java\jdk1.8.0_131
  NDK_ROOT=D:\wyf_root\develop\env\android-ndk-r12b
  pch.h
  ExampleOpenGLCube.cpp
  In file included from ..\..\..\..\Code\ExampleOpenGLCube\ExampleOpenGLCube.cpp:5:
  In file included from ../../../../Code\OpenGLRenderer\GlPreset.h:2:
../../../../Code\OpenGLRenderer/GlProgram.h(9,9): warning : unknown pragma ignored [-Wunknown-pragmas]
  #pragma warning(push)
          ^
../../../../Code\OpenGLRenderer/GlProgram.h(10,9): warning : unknown pragma ignored [-Wunknown-pragmas]
  #pragma warning(disable:4251)
          ^
../../../../Code\OpenGLRenderer/GlProgram.h(58,9): warning : unknown pragma ignored [-Wunknown-pragmas]
  #pragma warning(pop)
          ^
  In file included from ..\..\..\..\Code\ExampleOpenGLCube\ExampleOpenGLCube.cpp:5:
../../../../Code\OpenGLRenderer\GlPreset.h(5,9): warning : unknown pragma ignored [-Wunknown-pragmas]
  #pragma warning(push)
          ^
../../../../Code\OpenGLRenderer\GlPreset.h(6,9): warning : unknown pragma ignored [-Wunknown-pragmas]
  #pragma warning(disable:4251)
          ^
../../../../Code\OpenGLRenderer\GlPreset.h(46,9): warning : unknown pragma ignored [-Wunknown-pragmas]
  #pragma warning(pop)
          ^
  In file included from ..\..\..\..\Code\ExampleOpenGLCube\ExampleOpenGLCube.cpp:6:
../../../../Code\OpenGLRenderer\GlBatch.h(6,9): warning : unknown pragma ignored [-Wunknown-pragmas]
  #pragma warning(push) 
          ^
../../../../Code\OpenGLRenderer\GlBatch.h(7,9): warning : unknown pragma ignored [-Wunknown-pragmas]
  #pragma warning(disable:4251)
          ^
../../../../Code\OpenGLRenderer\GlBatch.h(120,9): warning : unknown pragma ignored [-Wunknown-pragmas]
  #pragma warning(pop) 
          ^
  In file included from ..\..\..\..\Code\ExampleOpenGLCube\ExampleOpenGLCube.cpp:7:
../../../../Code\OpenGLRenderer\GlDrawCall.h(7,9): warning : unknown pragma ignored [-Wunknown-pragmas]
  #pragma warning(push)
          ^
../../../../Code\OpenGLRenderer\GlDrawCall.h(8,9): warning : unknown pragma ignored [-Wunknown-pragmas]
  #pragma warning(disable:4251)
          ^
../../../../Code\OpenGLRenderer\GlDrawCall.h(21,9): warning : unknown pragma ignored [-Wunknown-pragmas]
  #pragma warning(pop)
          ^
  In file included from ..\..\..\..\Code\ExampleOpenGLCube\ExampleOpenGLCube.cpp:8:
../../../../Code\OpenGLRenderer\GlRenderStage.h(6,9): warning : unknown pragma ignored [-Wunknown-pragmas]
  #pragma warning(push) 
          ^
../../../../Code\OpenGLRenderer\GlRenderStage.h(7,9): warning : unknown pragma ignored [-Wunknown-pragmas]
  #pragma warning(disable:4251)
          ^
../../../../Code\OpenGLRenderer\GlRenderStage.h(52,9): warning : unknown pragma ignored [-Wunknown-pragmas]
  #pragma warning(pop) 
          ^
  In file included from ..\..\..\..\Code\ExampleOpenGLCube\ExampleOpenGLCube.cpp:11:
../../../../Code\PlatformSpec\WinViewer.h(18,9): warning : unknown pragma ignored [-Wunknown-pragmas]
  #pragma warning(push) 
          ^
../../../../Code\PlatformSpec\WinViewer.h(19,9): warning : unknown pragma ignored [-Wunknown-pragmas]
  #pragma warning(disable:4251)
          ^
../../../../Code\PlatformSpec\WinViewer.h(133,9): warning : unknown pragma ignored [-Wunknown-pragmas]
  #pragma warning(pop) 
          ^
  18 warnings generated.
  ARM\Debug\ExampleOpenGLCube.o:..\..\..\..\Code\ExampleOpenGLCube\ExampleOpenGLCube.cpp:typeinfo for shakuras::GlPhongProgram: error: undefined reference to 'typeinfo for shakuras::GlProgram'
clang.exe : error : linker command failed with exit code 1 (use -v to see invocation)
